[2022-01-25 15:31:55,209] INFO Starting the log cleaner (kafka.log.LogCleaner)
[2022-01-25 15:31:55,263] INFO [kafka-log-cleaner-thread-0]: Starting (kafka.log.LogCleaner)
[2022-01-25 16:00:22,674] INFO Starting the log cleaner (kafka.log.LogCleaner)
[2022-01-25 16:00:22,736] INFO [kafka-log-cleaner-thread-0]: Starting (kafka.log.LogCleaner)
[2022-01-31 17:26:14,415] INFO Starting the log cleaner (kafka.log.LogCleaner)
[2022-01-31 17:26:14,551] INFO [kafka-log-cleaner-thread-0]: Starting (kafka.log.LogCleaner)
[2022-01-31 17:28:24,186] INFO Starting the log cleaner (kafka.log.LogCleaner)
[2022-01-31 17:28:24,302] INFO [kafka-log-cleaner-thread-0]: Starting (kafka.log.LogCleaner)
[2022-01-31 17:33:20,260] INFO Starting the log cleaner (kafka.log.LogCleaner)
[2022-01-31 17:33:20,350] INFO [kafka-log-cleaner-thread-0]: Starting (kafka.log.LogCleaner)
[2022-01-31 17:34:50,289] INFO Starting the log cleaner (kafka.log.LogCleaner)
[2022-01-31 17:34:50,410] INFO [kafka-log-cleaner-thread-0]: Starting (kafka.log.LogCleaner)
[2022-02-03 08:15:55,002] INFO Cleaner 0: Beginning cleaning of log __consumer_offsets-49. (kafka.log.LogCleaner)
[2022-02-03 08:15:55,010] INFO Cleaner 0: Building offset map for __consumer_offsets-49... (kafka.log.LogCleaner)
[2022-02-03 08:15:55,282] INFO Cleaner 0: Building offset map for log __consumer_offsets-49 for 1 segments in offset range [0, 18). (kafka.log.LogCleaner)
[2022-02-03 08:15:55,425] INFO Cleaner 0: Offset map for log __consumer_offsets-49 complete. (kafka.log.LogCleaner)
[2022-02-03 08:15:55,458] INFO Cleaner 0: Cleaning log __consumer_offsets-49 (cleaning prior to Wed Feb 02 09:56:07 EET 2022, discarding tombstones prior to Thu Jan 01 02:00:00 EET 1970)... (kafka.log.LogCleaner)
[2022-02-03 08:15:55,474] INFO Cleaner 0: Cleaning LogSegment(baseOffset=0, size=3199, lastModifiedTime=1643788567798, largestRecordTimestamp=Some(1643788567796)) in log __consumer_offsets-49 into 0 with deletion horizon 0, retaining deletes. (kafka.log.LogCleaner)
[2022-02-03 08:15:55,631] INFO Cleaner 0: Swapping in cleaned segment LogSegment(baseOffset=0, size=455, lastModifiedTime=1643788567798, largestRecordTimestamp=Some(1643788567796)) for segment(s) List(LogSegment(baseOffset=0, size=3199, lastModifiedTime=1643788567798, largestRecordTimestamp=Some(1643788567796))) in log Log(dir=C:\kafka_2.13-2.8.1\data\kafka\__consumer_offsets-49, topic=__consumer_offsets, partition=49, highWatermark=20, lastStableOffset=20, logStartOffset=0, logEndOffset=20) (kafka.log.LogCleaner)
[2022-02-03 08:15:55,722] INFO Cleaner 0: Beginning cleaning of log __consumer_offsets-49. (kafka.log.LogCleaner)
[2022-02-03 08:15:55,722] INFO Cleaner 0: Building offset map for __consumer_offsets-49... (kafka.log.LogCleaner)
[2022-02-16 10:07:17,930] INFO Starting the log cleaner (kafka.log.LogCleaner)
[2022-02-16 10:07:17,990] INFO [kafka-log-cleaner-thread-0]: Starting (kafka.log.LogCleaner)
[2022-02-16 10:07:18,013] INFO Cleaner 0: Beginning cleaning of log __consumer_offsets-49. (kafka.log.LogCleaner)
[2022-02-16 10:07:18,014] INFO Cleaner 0: Building offset map for __consumer_offsets-49... (kafka.log.LogCleaner)
[2022-02-16 10:07:18,040] INFO Cleaner 0: Building offset map for log __consumer_offsets-49 for 1 segments in offset range [0, 18). (kafka.log.LogCleaner)
[2022-02-16 10:07:18,060] INFO Cleaner 0: Offset map for log __consumer_offsets-49 complete. (kafka.log.LogCleaner)
[2022-02-16 10:07:18,064] INFO Cleaner 0: Cleaning log __consumer_offsets-49 (cleaning prior to Wed Feb 02 09:56:07 EET 2022, discarding tombstones prior to Thu Jan 01 02:00:00 EET 1970)... (kafka.log.LogCleaner)
[2022-02-16 10:07:18,068] INFO Cleaner 0: Cleaning LogSegment(baseOffset=0, size=3199, lastModifiedTime=1643788567798, largestRecordTimestamp=Some(1643788567796)) in log __consumer_offsets-49 into 0 with deletion horizon 0, retaining deletes. (kafka.log.LogCleaner)
[2022-02-16 10:07:18,087] INFO Cleaner 0: Swapping in cleaned segment LogSegment(baseOffset=0, size=455, lastModifiedTime=1643788567798, largestRecordTimestamp=Some(1643788567796)) for segment(s) List(LogSegment(baseOffset=0, size=3199, lastModifiedTime=1643788567798, largestRecordTimestamp=Some(1643788567796))) in log Log(dir=C:\kafka_2.13-2.8.1\data\kafka\__consumer_offsets-49, topic=__consumer_offsets, partition=49, highWatermark=0, lastStableOffset=0, logStartOffset=0, logEndOffset=20) (kafka.log.LogCleaner)
[2022-02-16 10:07:18,110] INFO Cleaner 0: Beginning cleaning of log __consumer_offsets-49. (kafka.log.LogCleaner)
[2022-02-16 10:07:18,110] INFO Cleaner 0: Building offset map for __consumer_offsets-49... (kafka.log.LogCleaner)
[2022-02-16 10:07:18,131] INFO Cleaner 0: Building offset map for log __consumer_offsets-49 for 1 segments in offset range [0, 18). (kafka.log.LogCleaner)
[2022-02-16 10:07:18,133] INFO Cleaner 0: Offset map for log __consumer_offsets-49 complete. (kafka.log.LogCleaner)
[2022-02-16 10:07:18,133] INFO Cleaner 0: Cleaning log __consumer_offsets-49 (cleaning prior to Wed Feb 02 09:56:07 EET 2022, discarding tombstones prior to Thu Jan 01 02:00:00 EET 1970)... (kafka.log.LogCleaner)
[2022-02-16 10:07:18,148] INFO Cleaner 0: Beginning cleaning of log __consumer_offsets-49. (kafka.log.LogCleaner)
[2022-02-16 10:07:18,148] INFO Cleaner 0: Building offset map for __consumer_offsets-49... (kafka.log.LogCleaner)
[2022-02-16 10:07:18,168] INFO Cleaner 0: Building offset map for log __consumer_offsets-49 for 1 segments in offset range [0, 18). (kafka.log.LogCleaner)
[2022-02-16 10:07:18,169] INFO Cleaner 0: Offset map for log __consumer_offsets-49 complete. (kafka.log.LogCleaner)
[2022-02-16 10:07:18,169] INFO Cleaner 0: Cleaning log __consumer_offsets-49 (cleaning prior to Wed Feb 02 09:56:07 EET 2022, discarding tombstones prior to Thu Jan 01 02:00:00 EET 1970)... (kafka.log.LogCleaner)
[2022-02-16 10:07:18,181] INFO Cleaner 0: Beginning cleaning of log __consumer_offsets-49. (kafka.log.LogCleaner)
[2022-02-16 10:07:18,181] INFO Cleaner 0: Building offset map for __consumer_offsets-49... (kafka.log.LogCleaner)
[2022-02-16 10:07:18,201] INFO Cleaner 0: Building offset map for log __consumer_offsets-49 for 1 segments in offset range [0, 18). (kafka.log.LogCleaner)
[2022-02-16 10:07:18,202] INFO Cleaner 0: Offset map for log __consumer_offsets-49 complete. (kafka.log.LogCleaner)
[2022-02-16 10:07:18,202] INFO Cleaner 0: Cleaning log __consumer_offsets-49 (cleaning prior to Wed Feb 02 09:56:07 EET 2022, discarding tombstones prior to Thu Jan 01 02:00:00 EET 1970)... (kafka.log.LogCleaner)
[2022-02-16 10:07:18,216] INFO Cleaner 0: Beginning cleaning of log __consumer_offsets-49. (kafka.log.LogCleaner)
[2022-02-16 10:07:18,216] INFO Cleaner 0: Building offset map for __consumer_offsets-49... (kafka.log.LogCleaner)
[2022-02-16 10:07:18,243] INFO Cleaner 0: Building offset map for log __consumer_offsets-49 for 1 segments in offset range [0, 18). (kafka.log.LogCleaner)
[2022-02-16 10:07:18,244] INFO Cleaner 0: Offset map for log __consumer_offsets-49 complete. (kafka.log.LogCleaner)
[2022-02-16 10:07:18,244] INFO Cleaner 0: Cleaning log __consumer_offsets-49 (cleaning prior to Wed Feb 02 09:56:07 EET 2022, discarding tombstones prior to Thu Jan 01 02:00:00 EET 1970)... (kafka.log.LogCleaner)
[2022-02-16 10:07:18,258] INFO Cleaner 0: Beginning cleaning of log __consumer_offsets-49. (kafka.log.LogCleaner)
[2022-02-16 10:07:18,258] INFO Cleaner 0: Building offset map for __consumer_offsets-49... (kafka.log.LogCleaner)
[2022-02-16 10:07:18,281] INFO Cleaner 0: Building offset map for log __consumer_offsets-49 for 1 segments in offset range [0, 18). (kafka.log.LogCleaner)
[2022-02-16 10:07:18,282] INFO Cleaner 0: Offset map for log __consumer_offsets-49 complete. (kafka.log.LogCleaner)
[2022-02-16 10:07:18,283] INFO Cleaner 0: Cleaning log __consumer_offsets-49 (cleaning prior to Wed Feb 02 09:56:07 EET 2022, discarding tombstones prior to Thu Jan 01 02:00:00 EET 1970)... (kafka.log.LogCleaner)
[2022-02-16 10:07:18,294] INFO Cleaner 0: Beginning cleaning of log __consumer_offsets-49. (kafka.log.LogCleaner)
[2022-02-16 10:07:18,294] INFO Cleaner 0: Building offset map for __consumer_offsets-49... (kafka.log.LogCleaner)
[2022-02-16 10:07:18,336] INFO Cleaner 0: Building offset map for log __consumer_offsets-49 for 1 segments in offset range [0, 18). (kafka.log.LogCleaner)
[2022-02-16 10:07:18,337] INFO Cleaner 0: Offset map for log __consumer_offsets-49 complete. (kafka.log.LogCleaner)
[2022-02-16 10:07:18,337] INFO Cleaner 0: Cleaning log __consumer_offsets-49 (cleaning prior to Wed Feb 02 09:56:07 EET 2022, discarding tombstones prior to Thu Jan 01 02:00:00 EET 1970)... (kafka.log.LogCleaner)
[2022-02-16 10:07:18,339] INFO Cleaner 0: Cleaning LogSegment(baseOffset=0, size=3199, lastModifiedTime=1643788567798, largestRecordTimestamp=Some(1643788567796)) in log __consumer_offsets-49 into 0 with deletion horizon 0, retaining deletes. (kafka.log.LogCleaner)
[2022-02-16 10:07:18,350] INFO Cleaner 0: Swapping in cleaned segment LogSegment(baseOffset=0, size=455, lastModifiedTime=1643788567798, largestRecordTimestamp=Some(1643788567796)) for segment(s) List(LogSegment(baseOffset=0, size=3199, lastModifiedTime=1643788567798, largestRecordTimestamp=Some(1643788567796))) in log Log(dir=C:\kafka_2.13-2.8.1\data\kafka\__consumer_offsets-49, topic=__consumer_offsets, partition=49, highWatermark=0, lastStableOffset=0, logStartOffset=0, logEndOffset=20) (kafka.log.LogCleaner)
[2022-02-16 10:07:18,367] INFO Cleaner 0: Beginning cleaning of log __consumer_offsets-49. (kafka.log.LogCleaner)
[2022-02-16 10:07:18,367] INFO Cleaner 0: Building offset map for __consumer_offsets-49... (kafka.log.LogCleaner)
[2022-02-16 10:07:18,390] INFO Cleaner 0: Building offset map for log __consumer_offsets-49 for 1 segments in offset range [0, 18). (kafka.log.LogCleaner)
[2022-02-16 10:07:18,390] INFO Cleaner 0: Offset map for log __consumer_offsets-49 complete. (kafka.log.LogCleaner)
[2022-02-16 10:07:18,391] INFO Cleaner 0: Cleaning log __consumer_offsets-49 (cleaning prior to Wed Feb 02 09:56:07 EET 2022, discarding tombstones prior to Thu Jan 01 02:00:00 EET 1970)... (kafka.log.LogCleaner)
[2022-02-16 10:07:18,403] INFO Cleaner 0: Beginning cleaning of log __consumer_offsets-49. (kafka.log.LogCleaner)
[2022-02-16 10:07:18,403] INFO Cleaner 0: Building offset map for __consumer_offsets-49... (kafka.log.LogCleaner)
[2022-02-16 10:07:41,790] INFO Starting the log cleaner (kafka.log.LogCleaner)
[2022-02-16 10:07:41,840] INFO [kafka-log-cleaner-thread-0]: Starting (kafka.log.LogCleaner)
[2022-02-16 10:07:41,863] INFO Cleaner 0: Beginning cleaning of log __consumer_offsets-49. (kafka.log.LogCleaner)
[2022-02-16 10:07:41,863] INFO Cleaner 0: Building offset map for __consumer_offsets-49... (kafka.log.LogCleaner)
[2022-02-16 10:07:41,890] INFO Cleaner 0: Building offset map for log __consumer_offsets-49 for 1 segments in offset range [0, 18). (kafka.log.LogCleaner)
[2022-02-16 10:07:41,905] INFO Cleaner 0: Offset map for log __consumer_offsets-49 complete. (kafka.log.LogCleaner)
[2022-02-16 10:07:41,908] INFO Cleaner 0: Cleaning log __consumer_offsets-49 (cleaning prior to Wed Feb 02 09:56:07 EET 2022, discarding tombstones prior to Thu Jan 01 02:00:00 EET 1970)... (kafka.log.LogCleaner)
[2022-02-16 10:07:41,911] INFO Cleaner 0: Cleaning LogSegment(baseOffset=0, size=3199, lastModifiedTime=1643788567798, largestRecordTimestamp=Some(1643788567796)) in log __consumer_offsets-49 into 0 with deletion horizon 0, retaining deletes. (kafka.log.LogCleaner)
[2022-02-16 10:07:42,003] INFO Cleaner 0: Swapping in cleaned segment LogSegment(baseOffset=0, size=455, lastModifiedTime=1643788567798, largestRecordTimestamp=Some(1643788567796)) for segment(s) List(LogSegment(baseOffset=0, size=3199, lastModifiedTime=1643788567798, largestRecordTimestamp=Some(1643788567796))) in log Log(dir=C:\kafka_2.13-2.8.1\data\kafka\__consumer_offsets-49, topic=__consumer_offsets, partition=49, highWatermark=0, lastStableOffset=0, logStartOffset=0, logEndOffset=20) (kafka.log.LogCleaner)
[2022-02-16 10:07:42,028] INFO Cleaner 0: Beginning cleaning of log __consumer_offsets-49. (kafka.log.LogCleaner)
[2022-02-16 10:07:42,028] INFO Cleaner 0: Building offset map for __consumer_offsets-49... (kafka.log.LogCleaner)
[2022-02-16 10:07:42,055] INFO Cleaner 0: Building offset map for log __consumer_offsets-49 for 1 segments in offset range [0, 18). (kafka.log.LogCleaner)
[2022-02-16 10:07:42,056] INFO Cleaner 0: Offset map for log __consumer_offsets-49 complete. (kafka.log.LogCleaner)
[2022-02-16 10:07:42,057] INFO Cleaner 0: Cleaning log __consumer_offsets-49 (cleaning prior to Wed Feb 02 09:56:07 EET 2022, discarding tombstones prior to Thu Jan 01 02:00:00 EET 1970)... (kafka.log.LogCleaner)
[2022-02-16 10:07:42,073] INFO Cleaner 0: Beginning cleaning of log __consumer_offsets-49. (kafka.log.LogCleaner)
[2022-02-16 10:07:42,073] INFO Cleaner 0: Building offset map for __consumer_offsets-49... (kafka.log.LogCleaner)
[2022-02-16 10:07:42,094] INFO Cleaner 0: Building offset map for log __consumer_offsets-49 for 1 segments in offset range [0, 18). (kafka.log.LogCleaner)
[2022-02-16 10:07:42,095] INFO Cleaner 0: Offset map for log __consumer_offsets-49 complete. (kafka.log.LogCleaner)
[2022-02-16 10:07:42,096] INFO Cleaner 0: Cleaning log __consumer_offsets-49 (cleaning prior to Wed Feb 02 09:56:07 EET 2022, discarding tombstones prior to Thu Jan 01 02:00:00 EET 1970)... (kafka.log.LogCleaner)
[2022-02-16 10:07:42,110] INFO Cleaner 0: Beginning cleaning of log __consumer_offsets-49. (kafka.log.LogCleaner)
[2022-02-16 10:07:42,110] INFO Cleaner 0: Building offset map for __consumer_offsets-49... (kafka.log.LogCleaner)
[2022-02-16 10:07:42,158] INFO Cleaner 0: Building offset map for log __consumer_offsets-49 for 1 segments in offset range [0, 18). (kafka.log.LogCleaner)
[2022-02-16 10:07:42,159] INFO Cleaner 0: Offset map for log __consumer_offsets-49 complete. (kafka.log.LogCleaner)
[2022-02-16 10:07:42,159] INFO Cleaner 0: Cleaning log __consumer_offsets-49 (cleaning prior to Wed Feb 02 09:56:07 EET 2022, discarding tombstones prior to Thu Jan 01 02:00:00 EET 1970)... (kafka.log.LogCleaner)
[2022-02-16 10:07:42,162] INFO Cleaner 0: Cleaning LogSegment(baseOffset=0, size=3199, lastModifiedTime=1643788567798, largestRecordTimestamp=Some(1643788567796)) in log __consumer_offsets-49 into 0 with deletion horizon 0, retaining deletes. (kafka.log.LogCleaner)
[2022-02-16 10:07:42,177] INFO Cleaner 0: Swapping in cleaned segment LogSegment(baseOffset=0, size=455, lastModifiedTime=1643788567798, largestRecordTimestamp=Some(1643788567796)) for segment(s) List(LogSegment(baseOffset=0, size=3199, lastModifiedTime=1643788567798, largestRecordTimestamp=Some(1643788567796))) in log Log(dir=C:\kafka_2.13-2.8.1\data\kafka\__consumer_offsets-49, topic=__consumer_offsets, partition=49, highWatermark=0, lastStableOffset=0, logStartOffset=0, logEndOffset=20) (kafka.log.LogCleaner)
[2022-02-16 10:07:42,193] INFO Cleaner 0: Beginning cleaning of log __consumer_offsets-49. (kafka.log.LogCleaner)
[2022-02-16 10:07:42,193] INFO Cleaner 0: Building offset map for __consumer_offsets-49... (kafka.log.LogCleaner)
[2022-02-16 10:07:42,216] INFO Cleaner 0: Building offset map for log __consumer_offsets-49 for 1 segments in offset range [0, 18). (kafka.log.LogCleaner)
[2022-02-16 10:07:42,217] INFO Cleaner 0: Offset map for log __consumer_offsets-49 complete. (kafka.log.LogCleaner)
[2022-02-16 10:07:42,217] INFO Cleaner 0: Cleaning log __consumer_offsets-49 (cleaning prior to Wed Feb 02 09:56:07 EET 2022, discarding tombstones prior to Thu Jan 01 02:00:00 EET 1970)... (kafka.log.LogCleaner)
[2022-02-16 10:08:52,257] INFO Starting the log cleaner (kafka.log.LogCleaner)
[2022-02-16 10:08:52,318] INFO [kafka-log-cleaner-thread-0]: Starting (kafka.log.LogCleaner)
[2022-02-16 10:08:52,347] INFO Cleaner 0: Beginning cleaning of log __consumer_offsets-49. (kafka.log.LogCleaner)
[2022-02-16 10:08:52,347] INFO Cleaner 0: Building offset map for __consumer_offsets-49... (kafka.log.LogCleaner)
[2022-02-16 10:08:52,373] INFO Cleaner 0: Building offset map for log __consumer_offsets-49 for 1 segments in offset range [0, 18). (kafka.log.LogCleaner)
[2022-02-16 10:08:52,389] INFO Cleaner 0: Offset map for log __consumer_offsets-49 complete. (kafka.log.LogCleaner)
[2022-02-16 10:08:52,392] INFO Cleaner 0: Cleaning log __consumer_offsets-49 (cleaning prior to Wed Feb 02 09:56:07 EET 2022, discarding tombstones prior to Thu Jan 01 02:00:00 EET 1970)... (kafka.log.LogCleaner)
[2022-02-16 10:08:52,396] INFO Cleaner 0: Cleaning LogSegment(baseOffset=0, size=3199, lastModifiedTime=1643788567798, largestRecordTimestamp=Some(1643788567796)) in log __consumer_offsets-49 into 0 with deletion horizon 0, retaining deletes. (kafka.log.LogCleaner)
[2022-02-16 10:08:52,447] INFO Cleaner 0: Swapping in cleaned segment LogSegment(baseOffset=0, size=455, lastModifiedTime=1643788567798, largestRecordTimestamp=Some(1643788567796)) for segment(s) List(LogSegment(baseOffset=0, size=3199, lastModifiedTime=1643788567798, largestRecordTimestamp=Some(1643788567796))) in log Log(dir=C:\kafka_2.13-2.8.1\data\kafka\__consumer_offsets-49, topic=__consumer_offsets, partition=49, highWatermark=0, lastStableOffset=0, logStartOffset=0, logEndOffset=20) (kafka.log.LogCleaner)
[2022-02-16 10:08:52,470] INFO Cleaner 0: Beginning cleaning of log __consumer_offsets-49. (kafka.log.LogCleaner)
[2022-02-16 10:08:52,470] INFO Cleaner 0: Building offset map for __consumer_offsets-49... (kafka.log.LogCleaner)
[2022-02-16 10:08:52,491] INFO Cleaner 0: Building offset map for log __consumer_offsets-49 for 1 segments in offset range [0, 18). (kafka.log.LogCleaner)
[2022-02-16 10:08:52,492] INFO Cleaner 0: Offset map for log __consumer_offsets-49 complete. (kafka.log.LogCleaner)
[2022-02-16 10:08:52,492] INFO Cleaner 0: Cleaning log __consumer_offsets-49 (cleaning prior to Wed Feb 02 09:56:07 EET 2022, discarding tombstones prior to Thu Jan 01 02:00:00 EET 1970)... (kafka.log.LogCleaner)
[2022-02-16 10:08:52,505] INFO Cleaner 0: Beginning cleaning of log __consumer_offsets-49. (kafka.log.LogCleaner)
[2022-02-16 10:08:52,505] INFO Cleaner 0: Building offset map for __consumer_offsets-49... (kafka.log.LogCleaner)
[2022-02-16 10:08:52,526] INFO Cleaner 0: Building offset map for log __consumer_offsets-49 for 1 segments in offset range [0, 18). (kafka.log.LogCleaner)
[2022-02-16 10:08:52,527] INFO Cleaner 0: Offset map for log __consumer_offsets-49 complete. (kafka.log.LogCleaner)
[2022-02-16 10:08:52,528] INFO Cleaner 0: Cleaning log __consumer_offsets-49 (cleaning prior to Wed Feb 02 09:56:07 EET 2022, discarding tombstones prior to Thu Jan 01 02:00:00 EET 1970)... (kafka.log.LogCleaner)
[2022-02-16 10:08:52,543] INFO Cleaner 0: Beginning cleaning of log __consumer_offsets-49. (kafka.log.LogCleaner)
[2022-02-16 10:08:52,544] INFO Cleaner 0: Building offset map for __consumer_offsets-49... (kafka.log.LogCleaner)
[2022-02-16 10:08:52,571] INFO Cleaner 0: Building offset map for log __consumer_offsets-49 for 1 segments in offset range [0, 18). (kafka.log.LogCleaner)
[2022-02-16 10:08:52,572] INFO Cleaner 0: Offset map for log __consumer_offsets-49 complete. (kafka.log.LogCleaner)
[2022-02-16 10:08:52,573] INFO Cleaner 0: Cleaning log __consumer_offsets-49 (cleaning prior to Wed Feb 02 09:56:07 EET 2022, discarding tombstones prior to Thu Jan 01 02:00:00 EET 1970)... (kafka.log.LogCleaner)
[2022-02-16 10:08:52,588] INFO Cleaner 0: Beginning cleaning of log __consumer_offsets-49. (kafka.log.LogCleaner)
[2022-02-16 10:08:52,588] INFO Cleaner 0: Building offset map for __consumer_offsets-49... (kafka.log.LogCleaner)
[2022-02-16 10:08:52,609] INFO Cleaner 0: Building offset map for log __consumer_offsets-49 for 1 segments in offset range [0, 18). (kafka.log.LogCleaner)
[2022-02-16 10:08:52,609] INFO Cleaner 0: Offset map for log __consumer_offsets-49 complete. (kafka.log.LogCleaner)
[2022-02-16 10:08:52,610] INFO Cleaner 0: Cleaning log __consumer_offsets-49 (cleaning prior to Wed Feb 02 09:56:07 EET 2022, discarding tombstones prior to Thu Jan 01 02:00:00 EET 1970)... (kafka.log.LogCleaner)
[2022-02-16 10:08:52,634] INFO Cleaner 0: Beginning cleaning of log __consumer_offsets-49. (kafka.log.LogCleaner)
[2022-02-16 10:08:52,634] INFO Cleaner 0: Building offset map for __consumer_offsets-49... (kafka.log.LogCleaner)
[2022-02-16 10:08:52,658] INFO Cleaner 0: Building offset map for log __consumer_offsets-49 for 1 segments in offset range [0, 18). (kafka.log.LogCleaner)
[2022-02-16 10:08:52,659] INFO Cleaner 0: Offset map for log __consumer_offsets-49 complete. (kafka.log.LogCleaner)
[2022-02-16 10:08:52,659] INFO Cleaner 0: Cleaning log __consumer_offsets-49 (cleaning prior to Wed Feb 02 09:56:07 EET 2022, discarding tombstones prior to Thu Jan 01 02:00:00 EET 1970)... (kafka.log.LogCleaner)
[2022-02-16 10:08:52,661] INFO Cleaner 0: Cleaning LogSegment(baseOffset=0, size=3199, lastModifiedTime=1643788567798, largestRecordTimestamp=Some(1643788567796)) in log __consumer_offsets-49 into 0 with deletion horizon 0, retaining deletes. (kafka.log.LogCleaner)
[2022-02-16 10:08:52,674] INFO Cleaner 0: Swapping in cleaned segment LogSegment(baseOffset=0, size=455, lastModifiedTime=1643788567798, largestRecordTimestamp=Some(1643788567796)) for segment(s) List(LogSegment(baseOffset=0, size=3199, lastModifiedTime=1643788567798, largestRecordTimestamp=Some(1643788567796))) in log Log(dir=C:\kafka_2.13-2.8.1\data\kafka\__consumer_offsets-49, topic=__consumer_offsets, partition=49, highWatermark=0, lastStableOffset=0, logStartOffset=0, logEndOffset=20) (kafka.log.LogCleaner)
[2022-02-16 10:08:52,690] INFO Cleaner 0: Beginning cleaning of log __consumer_offsets-49. (kafka.log.LogCleaner)
[2022-02-16 10:08:52,690] INFO Cleaner 0: Building offset map for __consumer_offsets-49... (kafka.log.LogCleaner)
[2022-02-16 10:20:03,452] INFO Starting the log cleaner (kafka.log.LogCleaner)
[2022-02-16 10:20:03,514] INFO [kafka-log-cleaner-thread-0]: Starting (kafka.log.LogCleaner)
[2022-02-16 10:20:03,536] INFO Cleaner 0: Beginning cleaning of log __consumer_offsets-49. (kafka.log.LogCleaner)
[2022-02-16 10:20:03,536] INFO Cleaner 0: Building offset map for __consumer_offsets-49... (kafka.log.LogCleaner)
[2022-02-16 10:20:03,562] INFO Cleaner 0: Building offset map for log __consumer_offsets-49 for 1 segments in offset range [0, 18). (kafka.log.LogCleaner)
[2022-02-16 10:20:03,577] INFO Cleaner 0: Offset map for log __consumer_offsets-49 complete. (kafka.log.LogCleaner)
[2022-02-16 10:20:03,580] INFO Cleaner 0: Cleaning log __consumer_offsets-49 (cleaning prior to Wed Feb 02 09:56:07 EET 2022, discarding tombstones prior to Thu Jan 01 02:00:00 EET 1970)... (kafka.log.LogCleaner)
[2022-02-16 10:20:03,584] INFO Cleaner 0: Cleaning LogSegment(baseOffset=0, size=3199, lastModifiedTime=1643788567798, largestRecordTimestamp=Some(1643788567796)) in log __consumer_offsets-49 into 0 with deletion horizon 0, retaining deletes. (kafka.log.LogCleaner)
[2022-02-16 10:20:03,603] INFO Cleaner 0: Swapping in cleaned segment LogSegment(baseOffset=0, size=455, lastModifiedTime=1643788567798, largestRecordTimestamp=Some(1643788567796)) for segment(s) List(LogSegment(baseOffset=0, size=3199, lastModifiedTime=1643788567798, largestRecordTimestamp=Some(1643788567796))) in log Log(dir=C:\kafka_2.13-2.8.1\data\kafka\__consumer_offsets-49, topic=__consumer_offsets, partition=49, highWatermark=0, lastStableOffset=0, logStartOffset=0, logEndOffset=20) (kafka.log.LogCleaner)
[2022-02-16 10:20:03,628] INFO Cleaner 0: Beginning cleaning of log __consumer_offsets-49. (kafka.log.LogCleaner)
[2022-02-16 10:20:03,628] INFO Cleaner 0: Building offset map for __consumer_offsets-49... (kafka.log.LogCleaner)
[2022-02-16 10:20:03,649] INFO Cleaner 0: Building offset map for log __consumer_offsets-49 for 1 segments in offset range [0, 18). (kafka.log.LogCleaner)
[2022-02-16 10:20:03,651] INFO Cleaner 0: Offset map for log __consumer_offsets-49 complete. (kafka.log.LogCleaner)
[2022-02-16 10:20:03,651] INFO Cleaner 0: Cleaning log __consumer_offsets-49 (cleaning prior to Wed Feb 02 09:56:07 EET 2022, discarding tombstones prior to Thu Jan 01 02:00:00 EET 1970)... (kafka.log.LogCleaner)
[2022-02-16 10:20:03,665] INFO Cleaner 0: Beginning cleaning of log __consumer_offsets-49. (kafka.log.LogCleaner)
[2022-02-16 10:20:03,665] INFO Cleaner 0: Building offset map for __consumer_offsets-49... (kafka.log.LogCleaner)
[2022-02-16 10:20:03,686] INFO Cleaner 0: Building offset map for log __consumer_offsets-49 for 1 segments in offset range [0, 18). (kafka.log.LogCleaner)
[2022-02-16 10:20:03,687] INFO Cleaner 0: Offset map for log __consumer_offsets-49 complete. (kafka.log.LogCleaner)
[2022-02-16 10:20:03,688] INFO Cleaner 0: Cleaning log __consumer_offsets-49 (cleaning prior to Wed Feb 02 09:56:07 EET 2022, discarding tombstones prior to Thu Jan 01 02:00:00 EET 1970)... (kafka.log.LogCleaner)
[2022-02-16 10:20:03,702] INFO Cleaner 0: Beginning cleaning of log __consumer_offsets-49. (kafka.log.LogCleaner)
[2022-02-16 10:20:03,702] INFO Cleaner 0: Building offset map for __consumer_offsets-49... (kafka.log.LogCleaner)
[2022-02-16 10:20:03,725] INFO Cleaner 0: Building offset map for log __consumer_offsets-49 for 1 segments in offset range [0, 18). (kafka.log.LogCleaner)
[2022-02-16 10:20:03,726] INFO Cleaner 0: Offset map for log __consumer_offsets-49 complete. (kafka.log.LogCleaner)
[2022-02-16 10:20:03,727] INFO Cleaner 0: Cleaning log __consumer_offsets-49 (cleaning prior to Wed Feb 02 09:56:07 EET 2022, discarding tombstones prior to Thu Jan 01 02:00:00 EET 1970)... (kafka.log.LogCleaner)
[2022-02-16 10:20:03,740] INFO Cleaner 0: Beginning cleaning of log __consumer_offsets-49. (kafka.log.LogCleaner)
[2022-02-16 10:20:03,740] INFO Cleaner 0: Building offset map for __consumer_offsets-49... (kafka.log.LogCleaner)
[2022-02-16 10:20:03,762] INFO Cleaner 0: Building offset map for log __consumer_offsets-49 for 1 segments in offset range [0, 18). (kafka.log.LogCleaner)
[2022-02-16 10:20:03,763] INFO Cleaner 0: Offset map for log __consumer_offsets-49 complete. (kafka.log.LogCleaner)
[2022-02-16 10:20:03,763] INFO Cleaner 0: Cleaning log __consumer_offsets-49 (cleaning prior to Wed Feb 02 09:56:07 EET 2022, discarding tombstones prior to Thu Jan 01 02:00:00 EET 1970)... (kafka.log.LogCleaner)
[2022-02-16 10:20:03,776] INFO Cleaner 0: Beginning cleaning of log __consumer_offsets-49. (kafka.log.LogCleaner)
[2022-02-16 10:20:03,776] INFO Cleaner 0: Building offset map for __consumer_offsets-49... (kafka.log.LogCleaner)
[2022-02-16 10:20:03,800] INFO Cleaner 0: Building offset map for log __consumer_offsets-49 for 1 segments in offset range [0, 18). (kafka.log.LogCleaner)
[2022-02-16 10:20:03,801] INFO Cleaner 0: Offset map for log __consumer_offsets-49 complete. (kafka.log.LogCleaner)
[2022-02-16 10:20:03,801] INFO Cleaner 0: Cleaning log __consumer_offsets-49 (cleaning prior to Wed Feb 02 09:56:07 EET 2022, discarding tombstones prior to Thu Jan 01 02:00:00 EET 1970)... (kafka.log.LogCleaner)
[2022-02-16 10:20:03,820] INFO Cleaner 0: Beginning cleaning of log __consumer_offsets-49. (kafka.log.LogCleaner)
[2022-02-16 10:20:03,820] INFO Cleaner 0: Building offset map for __consumer_offsets-49... (kafka.log.LogCleaner)
[2022-02-16 10:20:03,848] INFO Cleaner 0: Building offset map for log __consumer_offsets-49 for 1 segments in offset range [0, 18). (kafka.log.LogCleaner)
[2022-02-16 10:20:03,849] INFO Cleaner 0: Offset map for log __consumer_offsets-49 complete. (kafka.log.LogCleaner)
[2022-02-16 10:20:03,849] INFO Cleaner 0: Cleaning log __consumer_offsets-49 (cleaning prior to Wed Feb 02 09:56:07 EET 2022, discarding tombstones prior to Thu Jan 01 02:00:00 EET 1970)... (kafka.log.LogCleaner)
[2022-02-16 10:20:03,851] INFO Cleaner 0: Cleaning LogSegment(baseOffset=0, size=3199, lastModifiedTime=1643788567798, largestRecordTimestamp=Some(1643788567796)) in log __consumer_offsets-49 into 0 with deletion horizon 0, retaining deletes. (kafka.log.LogCleaner)
[2022-02-16 10:20:03,864] INFO Cleaner 0: Swapping in cleaned segment LogSegment(baseOffset=0, size=455, lastModifiedTime=1643788567798, largestRecordTimestamp=Some(1643788567796)) for segment(s) List(LogSegment(baseOffset=0, size=3199, lastModifiedTime=1643788567798, largestRecordTimestamp=Some(1643788567796))) in log Log(dir=C:\kafka_2.13-2.8.1\data\kafka\__consumer_offsets-49, topic=__consumer_offsets, partition=49, highWatermark=0, lastStableOffset=0, logStartOffset=0, logEndOffset=20) (kafka.log.LogCleaner)
[2022-02-16 10:21:01,090] INFO Starting the log cleaner (kafka.log.LogCleaner)
[2022-02-16 10:21:01,139] INFO [kafka-log-cleaner-thread-0]: Starting (kafka.log.LogCleaner)
[2022-02-16 10:21:16,184] INFO Cleaner 0: Beginning cleaning of log __consumer_offsets-15. (kafka.log.LogCleaner)
[2022-02-16 10:21:16,184] INFO Cleaner 0: Building offset map for __consumer_offsets-15... (kafka.log.LogCleaner)
[2022-02-16 10:21:16,208] INFO Cleaner 0: Building offset map for log __consumer_offsets-15 for 1 segments in offset range [0, 7). (kafka.log.LogCleaner)
[2022-02-16 10:21:16,218] INFO Cleaner 0: Offset map for log __consumer_offsets-15 complete. (kafka.log.LogCleaner)
[2022-02-16 10:21:16,219] INFO Cleaner 0: Cleaning log __consumer_offsets-15 (cleaning prior to Thu Feb 03 08:15:48 EET 2022, discarding tombstones prior to Thu Jan 01 02:00:00 EET 1970)... (kafka.log.LogCleaner)
[2022-02-16 10:21:16,221] INFO Cleaner 0: Cleaning LogSegment(baseOffset=0, size=1941, lastModifiedTime=1643868948973, largestRecordTimestamp=Some(1643868948972)) in log __consumer_offsets-15 into 0 with deletion horizon 0, retaining deletes. (kafka.log.LogCleaner)
[2022-02-16 10:21:16,277] INFO Cleaner 0: Swapping in cleaned segment LogSegment(baseOffset=0, size=390, lastModifiedTime=1643868948973, largestRecordTimestamp=Some(1643868948972)) for segment(s) List(LogSegment(baseOffset=0, size=1941, lastModifiedTime=1643868948973, largestRecordTimestamp=Some(1643868948972))) in log Log(dir=C:\kafka_2.13-2.8.1\data\kafka\__consumer_offsets-15, topic=__consumer_offsets, partition=15, highWatermark=8, lastStableOffset=8, logStartOffset=0, logEndOffset=8) (kafka.log.LogCleaner)
[2022-02-16 10:21:16,298] INFO Cleaner 0: Beginning cleaning of log __consumer_offsets-15. (kafka.log.LogCleaner)
[2022-02-16 10:21:16,298] INFO Cleaner 0: Building offset map for __consumer_offsets-15... (kafka.log.LogCleaner)
[2022-02-16 10:22:43,591] INFO Starting the log cleaner (kafka.log.LogCleaner)
[2022-02-16 10:22:43,649] INFO [kafka-log-cleaner-thread-0]: Starting (kafka.log.LogCleaner)
[2022-02-16 10:22:43,674] INFO Cleaner 0: Beginning cleaning of log __consumer_offsets-49. (kafka.log.LogCleaner)
[2022-02-16 10:22:43,674] INFO Cleaner 0: Building offset map for __consumer_offsets-49... (kafka.log.LogCleaner)
[2022-02-16 10:22:43,702] INFO Cleaner 0: Building offset map for log __consumer_offsets-49 for 1 segments in offset range [0, 18). (kafka.log.LogCleaner)
[2022-02-16 10:22:43,718] INFO Cleaner 0: Offset map for log __consumer_offsets-49 complete. (kafka.log.LogCleaner)
[2022-02-16 10:22:43,722] INFO Cleaner 0: Cleaning log __consumer_offsets-49 (cleaning prior to Wed Feb 16 10:21:02 EET 2022, discarding tombstones prior to Thu Jan 01 02:00:00 EET 1970)... (kafka.log.LogCleaner)
[2022-02-16 10:22:43,725] INFO Cleaner 0: Cleaning LogSegment(baseOffset=0, size=456, lastModifiedTime=1644999662521, largestRecordTimestamp=Some(1644999662517)) in log __consumer_offsets-49 into 0 with deletion horizon 0, retaining deletes. (kafka.log.LogCleaner)
[2022-02-16 10:22:43,743] INFO Cleaner 0: Swapping in cleaned segment LogSegment(baseOffset=0, size=456, lastModifiedTime=1644999662521, largestRecordTimestamp=Some(1644999662517)) for segment(s) List(LogSegment(baseOffset=0, size=456, lastModifiedTime=1644999662521, largestRecordTimestamp=Some(1644999662517))) in log Log(dir=C:\kafka_2.13-2.8.1\data\kafka\__consumer_offsets-49, topic=__consumer_offsets, partition=49, highWatermark=0, lastStableOffset=0, logStartOffset=0, logEndOffset=20) (kafka.log.LogCleaner)
[2022-02-16 10:22:43,767] INFO Cleaner 0: Beginning cleaning of log __consumer_offsets-49. (kafka.log.LogCleaner)
[2022-02-16 10:22:43,767] INFO Cleaner 0: Building offset map for __consumer_offsets-49... (kafka.log.LogCleaner)
[2022-02-16 10:22:43,794] INFO Cleaner 0: Building offset map for log __consumer_offsets-49 for 1 segments in offset range [0, 18). (kafka.log.LogCleaner)
[2022-02-16 10:22:43,795] INFO Cleaner 0: Offset map for log __consumer_offsets-49 complete. (kafka.log.LogCleaner)
[2022-02-16 10:22:43,795] INFO Cleaner 0: Cleaning log __consumer_offsets-49 (cleaning prior to Wed Feb 16 10:21:02 EET 2022, discarding tombstones prior to Thu Jan 01 02:00:00 EET 1970)... (kafka.log.LogCleaner)
[2022-02-16 10:22:43,810] INFO Cleaner 0: Beginning cleaning of log __consumer_offsets-49. (kafka.log.LogCleaner)
[2022-02-16 10:22:43,810] INFO Cleaner 0: Building offset map for __consumer_offsets-49... (kafka.log.LogCleaner)
[2022-02-16 10:22:43,833] INFO Cleaner 0: Building offset map for log __consumer_offsets-49 for 1 segments in offset range [0, 18). (kafka.log.LogCleaner)
[2022-02-16 10:22:43,833] INFO Cleaner 0: Offset map for log __consumer_offsets-49 complete. (kafka.log.LogCleaner)
[2022-02-16 10:22:43,833] INFO Cleaner 0: Cleaning log __consumer_offsets-49 (cleaning prior to Wed Feb 16 10:21:02 EET 2022, discarding tombstones prior to Thu Jan 01 02:00:00 EET 1970)... (kafka.log.LogCleaner)
[2022-02-16 10:22:43,849] INFO Cleaner 0: Beginning cleaning of log __consumer_offsets-49. (kafka.log.LogCleaner)
[2022-02-16 10:22:43,849] INFO Cleaner 0: Building offset map for __consumer_offsets-49... (kafka.log.LogCleaner)
[2022-02-16 10:22:43,872] INFO Cleaner 0: Building offset map for log __consumer_offsets-49 for 1 segments in offset range [0, 18). (kafka.log.LogCleaner)
[2022-02-16 10:22:43,873] INFO Cleaner 0: Offset map for log __consumer_offsets-49 complete. (kafka.log.LogCleaner)
[2022-02-16 10:22:43,873] INFO Cleaner 0: Cleaning log __consumer_offsets-49 (cleaning prior to Wed Feb 16 10:21:02 EET 2022, discarding tombstones prior to Thu Jan 01 02:00:00 EET 1970)... (kafka.log.LogCleaner)
[2022-02-16 10:22:43,891] INFO Cleaner 0: Beginning cleaning of log __consumer_offsets-49. (kafka.log.LogCleaner)
[2022-02-16 10:22:43,891] INFO Cleaner 0: Building offset map for __consumer_offsets-49... (kafka.log.LogCleaner)
[2022-02-16 10:22:43,915] INFO Cleaner 0: Building offset map for log __consumer_offsets-49 for 1 segments in offset range [0, 18). (kafka.log.LogCleaner)
[2022-02-16 10:22:43,916] INFO Cleaner 0: Offset map for log __consumer_offsets-49 complete. (kafka.log.LogCleaner)
[2022-02-16 10:22:43,916] INFO Cleaner 0: Cleaning log __consumer_offsets-49 (cleaning prior to Wed Feb 16 10:21:02 EET 2022, discarding tombstones prior to Thu Jan 01 02:00:00 EET 1970)... (kafka.log.LogCleaner)
[2022-02-16 10:22:43,931] INFO Cleaner 0: Beginning cleaning of log __consumer_offsets-49. (kafka.log.LogCleaner)
[2022-02-16 10:22:43,931] INFO Cleaner 0: Building offset map for __consumer_offsets-49... (kafka.log.LogCleaner)
[2022-02-16 10:22:43,952] INFO Cleaner 0: Building offset map for log __consumer_offsets-49 for 1 segments in offset range [0, 18). (kafka.log.LogCleaner)
[2022-02-16 10:22:43,953] INFO Cleaner 0: Offset map for log __consumer_offsets-49 complete. (kafka.log.LogCleaner)
[2022-02-16 10:22:43,953] INFO Cleaner 0: Cleaning log __consumer_offsets-49 (cleaning prior to Wed Feb 16 10:21:02 EET 2022, discarding tombstones prior to Thu Jan 01 02:00:00 EET 1970)... (kafka.log.LogCleaner)
[2022-02-16 10:22:43,966] INFO Cleaner 0: Beginning cleaning of log __consumer_offsets-49. (kafka.log.LogCleaner)
[2022-02-16 10:22:43,966] INFO Cleaner 0: Building offset map for __consumer_offsets-49... (kafka.log.LogCleaner)
[2022-02-16 10:22:44,008] INFO Cleaner 0: Building offset map for log __consumer_offsets-49 for 1 segments in offset range [0, 18). (kafka.log.LogCleaner)
[2022-02-16 10:22:44,008] INFO Cleaner 0: Offset map for log __consumer_offsets-49 complete. (kafka.log.LogCleaner)
[2022-02-16 10:22:44,009] INFO Cleaner 0: Cleaning log __consumer_offsets-49 (cleaning prior to Wed Feb 16 10:21:02 EET 2022, discarding tombstones prior to Thu Jan 01 02:00:00 EET 1970)... (kafka.log.LogCleaner)
[2022-02-16 10:22:44,011] INFO Cleaner 0: Cleaning LogSegment(baseOffset=0, size=456, lastModifiedTime=1644999662521, largestRecordTimestamp=Some(1644999662517)) in log __consumer_offsets-49 into 0 with deletion horizon 0, retaining deletes. (kafka.log.LogCleaner)
[2022-02-16 10:22:44,023] INFO Cleaner 0: Swapping in cleaned segment LogSegment(baseOffset=0, size=456, lastModifiedTime=1644999662521, largestRecordTimestamp=Some(1644999662517)) for segment(s) List(LogSegment(baseOffset=0, size=456, lastModifiedTime=1644999662521, largestRecordTimestamp=Some(1644999662517))) in log Log(dir=C:\kafka_2.13-2.8.1\data\kafka\__consumer_offsets-49, topic=__consumer_offsets, partition=49, highWatermark=0, lastStableOffset=0, logStartOffset=0, logEndOffset=20) (kafka.log.LogCleaner)
[2022-02-16 10:22:44,039] INFO Cleaner 0: Beginning cleaning of log __consumer_offsets-49. (kafka.log.LogCleaner)
[2022-02-16 10:22:44,039] INFO Cleaner 0: Building offset map for __consumer_offsets-49... (kafka.log.LogCleaner)
[2022-02-16 10:22:44,061] INFO Cleaner 0: Building offset map for log __consumer_offsets-49 for 1 segments in offset range [0, 18). (kafka.log.LogCleaner)
[2022-02-16 10:22:44,062] INFO Cleaner 0: Offset map for log __consumer_offsets-49 complete. (kafka.log.LogCleaner)
[2022-02-16 10:22:44,062] INFO Cleaner 0: Cleaning log __consumer_offsets-49 (cleaning prior to Wed Feb 16 10:21:02 EET 2022, discarding tombstones prior to Thu Jan 01 02:00:00 EET 1970)... (kafka.log.LogCleaner)
[2022-02-16 10:22:44,075] INFO Cleaner 0: Beginning cleaning of log __consumer_offsets-49. (kafka.log.LogCleaner)
[2022-02-16 10:22:44,075] INFO Cleaner 0: Building offset map for __consumer_offsets-49... (kafka.log.LogCleaner)
[2022-02-16 10:23:35,399] INFO Starting the log cleaner (kafka.log.LogCleaner)
[2022-02-16 10:23:35,490] INFO [kafka-log-cleaner-thread-0]: Starting (kafka.log.LogCleaner)
[2022-02-16 10:28:52,329] INFO Starting the log cleaner (kafka.log.LogCleaner)
[2022-02-16 10:28:52,378] INFO [kafka-log-cleaner-thread-0]: Starting (kafka.log.LogCleaner)
